<?xml version="1.0" encoding="UTF-8" ?>
<testsuite tests="3" failures="0" name="com.mycompany.automated_unit_testing_group_one.Unit_TestingTest" time="0" errors="0" skipped="0">
  <properties>
[...]
</properties>
  <testcase classname="com.mycompany.automated_unit_testing_group_one.Unit_TestingTest" name="com.mycompany.automated_unit_testing_group_one.Unit_TestingTest.testSubtractionMethod" time="0"/>
  <testcase classname="com.mycompany.automated_unit_testing_group_one.Unit_TestingTest" name="com.mycompany.automated_unit_testing_group_one.Unit_TestingTest.testMessageMethod" time="0"/>
  <testcase classname="com.mycompany.automated_unit_testing_group_one.Unit_TestingTest" name="com.mycompany.automated_unit_testing_group_one.Unit_TestingTest.testAdditionMethod" time="0"/>
</testsuite>